<?xml version="1.0" encoding="UTF-8"?>
<!-- Generated by org.testng.reporters.JUnitReportReporter -->
<testsuite hostname="L5100101507" name="com.nessq.pega.login.LoginTest9" tests="7" failures="0" timestamp="7 Dec 2016 14:59:14 GMT" time="27.175" errors="0">
  <testcase name="loginWithInvalidCredentials" time="0.821" classname="com.nessq.pega.login.LoginTest9"/>
  <testcase name="loginWithValidCredentials" time="5.183" classname="com.nessq.pega.login.LoginTest9"/>
  <testcase name="loginWithValidCredentials" time="4.516" classname="com.nessq.pega.login.LoginTest9"/>
  <testcase name="loginWithInvalidCredentials" time="1.017" classname="com.nessq.pega.login.LoginTest9"/>
  <testcase name="loginWithValidCredentials" time="5.410" classname="com.nessq.pega.login.LoginTest9"/>
  <testcase name="loginWithValidCredentials" time="4.406" classname="com.nessq.pega.login.LoginTest9"/>
  <testcase name="loginWithValidCredentials" time="5.822" classname="com.nessq.pega.login.LoginTest9"/>
</testsuite> <!-- com.nessq.pega.login.LoginTest9 -->
